<?xml version="1.0" encoding="UTF-8"?>
<!-- Generated by org.testng.reporters.JUnitXMLReporter -->
<testsuite hostname="XAV-602000045" name="Default test" tests="4" failures="0" timestamp="12 Jul 2021 21:05:12 GMT" time="98.855" errors="0">
  <testcase name="AddSingleItemTest" time="19.277" classname="TestCases.AddToDoTest"/>
  <testcase name="AddMultipleItemTest" time="17.788" classname="TestCases.AddToDoTest"/>
  <testcase name="ClickToDoCheckBox" time="20.402" classname="TestCases.AddToDoTest"/>
  <testcase name="ClearCompletedToDo" time="39.868" classname="TestCases.AddToDoTest"/>
</testsuite> <!-- Default test -->
